<?xml version="1.0" encoding="UTF-8"?>
<testsuite xmlns:xsi="http://www.w3.org/2001/XMLSchema-instance" xsi:noNamespaceSchemaLocation="https://maven.apache.org/surefire/maven-surefire-plugin/xsd/surefire-test-report.xsd" name="TestSuite" time="11.725" tests="3" errors="0" skipped="0" failures="1">
  <properties>
    <property name="gopherProxySet" value="false"/>
    <property name="awt.toolkit" value="sun.lwawt.macosx.LWCToolkit"/>
    <property name="file.encoding.pkg" value="sun.io"/>
    <property name="java.specification.version" value="1.8"/>
    <property name="sun.cpu.isalist" value=""/>
    <property name="sun.jnu.encoding" value="UTF-8"/>
    <property name="java.class.path" value="/Users/nnuerdun/eclipse-workspace/labSecond/target/test-classes:/Users/nnuerdun/eclipse-workspace/labSecond/target/classes:/Users/nnuerdun/.m2/repository/org/slf4j/slf4j-log4j12/1.7.25/slf4j-log4j12-1.7.25.jar:/Users/nnuerdun/.m2/repository/org/slf4j/slf4j-api/1.7.25/slf4j-api-1.7.25.jar:/Users/nnuerdun/.m2/repository/log4j/log4j/1.2.17/log4j-1.2.17.jar:/Users/nnuerdun/.m2/repository/io/rest-assured/rest-assured/3.1.0/rest-assured-3.1.0.jar:/Users/nnuerdun/.m2/repository/org/codehaus/groovy/groovy/2.4.12/groovy-2.4.12.jar:/Users/nnuerdun/.m2/repository/org/codehaus/groovy/groovy-xml/2.4.12/groovy-xml-2.4.12.jar:/Users/nnuerdun/.m2/repository/org/apache/httpcomponents/httpclient/4.5.3/httpclient-4.5.3.jar:/Users/nnuerdun/.m2/repository/org/apache/httpcomponents/httpmime/4.5.1/httpmime-4.5.1.jar:/Users/nnuerdun/.m2/repository/org/hamcrest/hamcrest-core/1.3/hamcrest-core-1.3.jar:/Users/nnuerdun/.m2/repository/org/hamcrest/hamcrest-library/1.3/hamcrest-library-1.3.jar:/Users/nnuerdun/.m2/repository/org/ccil/cowan/tagsoup/tagsoup/1.2.1/tagsoup-1.2.1.jar:/Users/nnuerdun/.m2/repository/io/rest-assured/xml-path/3.1.0/xml-path-3.1.0.jar:/Users/nnuerdun/.m2/repository/javax/xml/bind/jaxb-api/2.2.12/jaxb-api-2.2.12.jar:/Users/nnuerdun/.m2/repository/io/rest-assured/json-path/3.1.0/json-path-3.1.0.jar:/Users/nnuerdun/.m2/repository/org/codehaus/groovy/groovy-json/2.4.12/groovy-json-2.4.12.jar:/Users/nnuerdun/.m2/repository/io/rest-assured/rest-assured-common/3.1.0/rest-assured-common-3.1.0.jar:/Users/nnuerdun/.m2/repository/org/seleniumhq/selenium/selenium-java/3.12.0/selenium-java-3.12.0.jar:/Users/nnuerdun/.m2/repository/org/seleniumhq/selenium/selenium-api/3.12.0/selenium-api-3.12.0.jar:/Users/nnuerdun/.m2/repository/org/seleniumhq/selenium/selenium-chrome-driver/3.12.0/selenium-chrome-driver-3.12.0.jar:/Users/nnuerdun/.m2/repository/org/seleniumhq/selenium/selenium-edge-driver/3.12.0/selenium-edge-driver-3.12.0.jar:/Users/nnuerdun/.m2/repository/org/seleniumhq/selenium/selenium-firefox-driver/3.12.0/selenium-firefox-driver-3.12.0.jar:/Users/nnuerdun/.m2/repository/org/seleniumhq/selenium/selenium-ie-driver/3.12.0/selenium-ie-driver-3.12.0.jar:/Users/nnuerdun/.m2/repository/org/seleniumhq/selenium/selenium-opera-driver/3.12.0/selenium-opera-driver-3.12.0.jar:/Users/nnuerdun/.m2/repository/org/seleniumhq/selenium/selenium-remote-driver/3.12.0/selenium-remote-driver-3.12.0.jar:/Users/nnuerdun/.m2/repository/org/seleniumhq/selenium/selenium-safari-driver/3.12.0/selenium-safari-driver-3.12.0.jar:/Users/nnuerdun/.m2/repository/org/seleniumhq/selenium/selenium-support/3.12.0/selenium-support-3.12.0.jar:/Users/nnuerdun/.m2/repository/net/bytebuddy/byte-buddy/1.8.3/byte-buddy-1.8.3.jar:/Users/nnuerdun/.m2/repository/org/apache/commons/commons-exec/1.3/commons-exec-1.3.jar:/Users/nnuerdun/.m2/repository/commons-codec/commons-codec/1.10/commons-codec-1.10.jar:/Users/nnuerdun/.m2/repository/commons-logging/commons-logging/1.2/commons-logging-1.2.jar:/Users/nnuerdun/.m2/repository/com/google/code/gson/gson/2.8.2/gson-2.8.2.jar:/Users/nnuerdun/.m2/repository/com/google/guava/guava/23.6-jre/guava-23.6-jre.jar:/Users/nnuerdun/.m2/repository/com/google/code/findbugs/jsr305/1.3.9/jsr305-1.3.9.jar:/Users/nnuerdun/.m2/repository/org/checkerframework/checker-compat-qual/2.0.0/checker-compat-qual-2.0.0.jar:/Users/nnuerdun/.m2/repository/com/google/errorprone/error_prone_annotations/2.1.3/error_prone_annotations-2.1.3.jar:/Users/nnuerdun/.m2/repository/com/google/j2objc/j2objc-annotations/1.1/j2objc-annotations-1.1.jar:/Users/nnuerdun/.m2/repository/org/codehaus/mojo/animal-sniffer-annotations/1.14/animal-sniffer-annotations-1.14.jar:/Users/nnuerdun/.m2/repository/org/apache/httpcomponents/httpcore/4.4.6/httpcore-4.4.6.jar:/Users/nnuerdun/.m2/repository/com/squareup/okhttp3/okhttp/3.9.1/okhttp-3.9.1.jar:/Users/nnuerdun/.m2/repository/com/squareup/okio/okio/1.13.0/okio-1.13.0.jar:/Users/nnuerdun/.m2/repository/org/testng/testng/6.11/testng-6.11.jar:/Users/nnuerdun/.m2/repository/com/beust/jcommander/1.64/jcommander-1.64.jar:/Users/nnuerdun/.m2/repository/org/yaml/snakeyaml/1.17/snakeyaml-1.17.jar:/Users/nnuerdun/.m2/repository/io/cucumber/cucumber-java/3.0.2/cucumber-java-3.0.2.jar:/Users/nnuerdun/.m2/repository/io/cucumber/cucumber-core/3.0.2/cucumber-core-3.0.2.jar:/Users/nnuerdun/.m2/repository/io/cucumber/cucumber-html/0.2.7/cucumber-html-0.2.7.jar:/Users/nnuerdun/.m2/repository/io/cucumber/gherkin/5.0.0/gherkin-5.0.0.jar:/Users/nnuerdun/.m2/repository/io/cucumber/tag-expressions/1.1.1/tag-expressions-1.1.1.jar:/Users/nnuerdun/.m2/repository/io/cucumber/cucumber-expressions/5.0.19/cucumber-expressions-5.0.19.jar:/Users/nnuerdun/.m2/repository/io/cucumber/datatable/1.0.3/datatable-1.0.3.jar:/Users/nnuerdun/.m2/repository/io/cucumber/datatable-dependencies/1.0.3/datatable-dependencies-1.0.3.jar:/Users/nnuerdun/.m2/repository/io/cucumber/cucumber-testng/3.0.2/cucumber-testng-3.0.2.jar:/Users/nnuerdun/.m2/repository/io/github/bonigarcia/webdrivermanager/2.2.4/webdrivermanager-2.2.4.jar:/Users/nnuerdun/.m2/repository/commons-io/commons-io/2.6/commons-io-2.6.jar:/Users/nnuerdun/.m2/repository/org/apache/commons/commons-lang3/3.7/commons-lang3-3.7.jar:/Users/nnuerdun/.m2/repository/org/rauschig/jarchivelib/0.8.0/jarchivelib-0.8.0.jar:/Users/nnuerdun/.m2/repository/org/apache/commons/commons-compress/1.14/commons-compress-1.14.jar:/Users/nnuerdun/.m2/repository/org/jsoup/jsoup/1.11.3/jsoup-1.11.3.jar:/Users/nnuerdun/.m2/repository/org/apache/maven/surefire/surefire-testng-utils/2.22.0/surefire-testng-utils-2.22.0.jar:/Users/nnuerdun/.m2/repository/org/apache/maven/surefire/surefire-grouper/2.22.0/surefire-grouper-2.22.0.jar:"/>
    <property name="java.vm.vendor" value="Oracle Corporation"/>
    <property name="sun.arch.data.model" value="64"/>
    <property name="java.vendor.url" value="http://java.oracle.com/"/>
    <property name="user.timezone" value=""/>
    <property name="java.vm.specification.version" value="1.8"/>
    <property name="os.name" value="Mac OS X"/>
    <property name="user.country" value="US"/>
    <property name="sun.java.launcher" value="SUN_STANDARD"/>
    <property name="sun.boot.library.path" value="/Library/Java/JavaVirtualMachines/jdk1.8.0_161.jdk/Contents/Home/jre/lib"/>
    <property name="sun.java.command" value="/Users/nnuerdun/eclipse-workspace/labSecond/target/surefire/surefirebooter3050864474004140644.jar /Users/nnuerdun/eclipse-workspace/labSecond/target/surefire 2018-09-12T13-53-56_435-jvmRun1 surefire4067940430091496114tmp surefire_04558872191708817397tmp"/>
    <property name="http.nonProxyHosts" value="local|*.local|169.254/16|*.169.254/16"/>
    <property name="surefire.test.class.path" value="/Users/nnuerdun/eclipse-workspace/labSecond/target/test-classes:/Users/nnuerdun/eclipse-workspace/labSecond/target/classes:/Users/nnuerdun/.m2/repository/org/slf4j/slf4j-log4j12/1.7.25/slf4j-log4j12-1.7.25.jar:/Users/nnuerdun/.m2/repository/org/slf4j/slf4j-api/1.7.25/slf4j-api-1.7.25.jar:/Users/nnuerdun/.m2/repository/log4j/log4j/1.2.17/log4j-1.2.17.jar:/Users/nnuerdun/.m2/repository/io/rest-assured/rest-assured/3.1.0/rest-assured-3.1.0.jar:/Users/nnuerdun/.m2/repository/org/codehaus/groovy/groovy/2.4.12/groovy-2.4.12.jar:/Users/nnuerdun/.m2/repository/org/codehaus/groovy/groovy-xml/2.4.12/groovy-xml-2.4.12.jar:/Users/nnuerdun/.m2/repository/org/apache/httpcomponents/httpclient/4.5.3/httpclient-4.5.3.jar:/Users/nnuerdun/.m2/repository/org/apache/httpcomponents/httpmime/4.5.1/httpmime-4.5.1.jar:/Users/nnuerdun/.m2/repository/org/hamcrest/hamcrest-core/1.3/hamcrest-core-1.3.jar:/Users/nnuerdun/.m2/repository/org/hamcrest/hamcrest-library/1.3/hamcrest-library-1.3.jar:/Users/nnuerdun/.m2/repository/org/ccil/cowan/tagsoup/tagsoup/1.2.1/tagsoup-1.2.1.jar:/Users/nnuerdun/.m2/repository/io/rest-assured/xml-path/3.1.0/xml-path-3.1.0.jar:/Users/nnuerdun/.m2/repository/javax/xml/bind/jaxb-api/2.2.12/jaxb-api-2.2.12.jar:/Users/nnuerdun/.m2/repository/io/rest-assured/json-path/3.1.0/json-path-3.1.0.jar:/Users/nnuerdun/.m2/repository/org/codehaus/groovy/groovy-json/2.4.12/groovy-json-2.4.12.jar:/Users/nnuerdun/.m2/repository/io/rest-assured/rest-assured-common/3.1.0/rest-assured-common-3.1.0.jar:/Users/nnuerdun/.m2/repository/org/seleniumhq/selenium/selenium-java/3.12.0/selenium-java-3.12.0.jar:/Users/nnuerdun/.m2/repository/org/seleniumhq/selenium/selenium-api/3.12.0/selenium-api-3.12.0.jar:/Users/nnuerdun/.m2/repository/org/seleniumhq/selenium/selenium-chrome-driver/3.12.0/selenium-chrome-driver-3.12.0.jar:/Users/nnuerdun/.m2/repository/org/seleniumhq/selenium/selenium-edge-driver/3.12.0/selenium-edge-driver-3.12.0.jar:/Users/nnuerdun/.m2/repository/org/seleniumhq/selenium/selenium-firefox-driver/3.12.0/selenium-firefox-driver-3.12.0.jar:/Users/nnuerdun/.m2/repository/org/seleniumhq/selenium/selenium-ie-driver/3.12.0/selenium-ie-driver-3.12.0.jar:/Users/nnuerdun/.m2/repository/org/seleniumhq/selenium/selenium-opera-driver/3.12.0/selenium-opera-driver-3.12.0.jar:/Users/nnuerdun/.m2/repository/org/seleniumhq/selenium/selenium-remote-driver/3.12.0/selenium-remote-driver-3.12.0.jar:/Users/nnuerdun/.m2/repository/org/seleniumhq/selenium/selenium-safari-driver/3.12.0/selenium-safari-driver-3.12.0.jar:/Users/nnuerdun/.m2/repository/org/seleniumhq/selenium/selenium-support/3.12.0/selenium-support-3.12.0.jar:/Users/nnuerdun/.m2/repository/net/bytebuddy/byte-buddy/1.8.3/byte-buddy-1.8.3.jar:/Users/nnuerdun/.m2/repository/org/apache/commons/commons-exec/1.3/commons-exec-1.3.jar:/Users/nnuerdun/.m2/repository/commons-codec/commons-codec/1.10/commons-codec-1.10.jar:/Users/nnuerdun/.m2/repository/commons-logging/commons-logging/1.2/commons-logging-1.2.jar:/Users/nnuerdun/.m2/repository/com/google/code/gson/gson/2.8.2/gson-2.8.2.jar:/Users/nnuerdun/.m2/repository/com/google/guava/guava/23.6-jre/guava-23.6-jre.jar:/Users/nnuerdun/.m2/repository/com/google/code/findbugs/jsr305/1.3.9/jsr305-1.3.9.jar:/Users/nnuerdun/.m2/repository/org/checkerframework/checker-compat-qual/2.0.0/checker-compat-qual-2.0.0.jar:/Users/nnuerdun/.m2/repository/com/google/errorprone/error_prone_annotations/2.1.3/error_prone_annotations-2.1.3.jar:/Users/nnuerdun/.m2/repository/com/google/j2objc/j2objc-annotations/1.1/j2objc-annotations-1.1.jar:/Users/nnuerdun/.m2/repository/org/codehaus/mojo/animal-sniffer-annotations/1.14/animal-sniffer-annotations-1.14.jar:/Users/nnuerdun/.m2/repository/org/apache/httpcomponents/httpcore/4.4.6/httpcore-4.4.6.jar:/Users/nnuerdun/.m2/repository/com/squareup/okhttp3/okhttp/3.9.1/okhttp-3.9.1.jar:/Users/nnuerdun/.m2/repository/com/squareup/okio/okio/1.13.0/okio-1.13.0.jar:/Users/nnuerdun/.m2/repository/org/testng/testng/6.11/testng-6.11.jar:/Users/nnuerdun/.m2/repository/com/beust/jcommander/1.64/jcommander-1.64.jar:/Users/nnuerdun/.m2/repository/org/yaml/snakeyaml/1.17/snakeyaml-1.17.jar:/Users/nnuerdun/.m2/repository/io/cucumber/cucumber-java/3.0.2/cucumber-java-3.0.2.jar:/Users/nnuerdun/.m2/repository/io/cucumber/cucumber-core/3.0.2/cucumber-core-3.0.2.jar:/Users/nnuerdun/.m2/repository/io/cucumber/cucumber-html/0.2.7/cucumber-html-0.2.7.jar:/Users/nnuerdun/.m2/repository/io/cucumber/gherkin/5.0.0/gherkin-5.0.0.jar:/Users/nnuerdun/.m2/repository/io/cucumber/tag-expressions/1.1.1/tag-expressions-1.1.1.jar:/Users/nnuerdun/.m2/repository/io/cucumber/cucumber-expressions/5.0.19/cucumber-expressions-5.0.19.jar:/Users/nnuerdun/.m2/repository/io/cucumber/datatable/1.0.3/datatable-1.0.3.jar:/Users/nnuerdun/.m2/repository/io/cucumber/datatable-dependencies/1.0.3/datatable-dependencies-1.0.3.jar:/Users/nnuerdun/.m2/repository/io/cucumber/cucumber-testng/3.0.2/cucumber-testng-3.0.2.jar:/Users/nnuerdun/.m2/repository/io/github/bonigarcia/webdrivermanager/2.2.4/webdrivermanager-2.2.4.jar:/Users/nnuerdun/.m2/repository/commons-io/commons-io/2.6/commons-io-2.6.jar:/Users/nnuerdun/.m2/repository/org/apache/commons/commons-lang3/3.7/commons-lang3-3.7.jar:/Users/nnuerdun/.m2/repository/org/rauschig/jarchivelib/0.8.0/jarchivelib-0.8.0.jar:/Users/nnuerdun/.m2/repository/org/apache/commons/commons-compress/1.14/commons-compress-1.14.jar:/Users/nnuerdun/.m2/repository/org/jsoup/jsoup/1.11.3/jsoup-1.11.3.jar:/Users/nnuerdun/.m2/repository/org/apache/maven/surefire/surefire-testng-utils/2.22.0/surefire-testng-utils-2.22.0.jar:/Users/nnuerdun/.m2/repository/org/apache/maven/surefire/surefire-grouper/2.22.0/surefire-grouper-2.22.0.jar:"/>
    <property name="sun.cpu.endian" value="little"/>
    <property name="user.home" value="/Users/nnuerdun"/>
    <property name="user.language" value="en"/>
    <property name="java.specification.vendor" value="Oracle Corporation"/>
    <property name="java.home" value="/Library/Java/JavaVirtualMachines/jdk1.8.0_161.jdk/Contents/Home/jre"/>
    <property name="basedir" value="/Users/nnuerdun/eclipse-workspace/labSecond"/>
    <property name="file.separator" value="/"/>
    <property name="line.separator" value="&#10;"/>
    <property name="java.vm.specification.vendor" value="Oracle Corporation"/>
    <property name="java.specification.name" value="Java Platform API Specification"/>
    <property name="java.awt.graphicsenv" value="sun.awt.CGraphicsEnvironment"/>
    <property name="surefire.real.class.path" value="/Users/nnuerdun/eclipse-workspace/labSecond/target/surefire/surefirebooter3050864474004140644.jar"/>
    <property name="sun.boot.class.path" value="/Library/Java/JavaVirtualMachines/jdk1.8.0_161.jdk/Contents/Home/jre/lib/resources.jar:/Library/Java/JavaVirtualMachines/jdk1.8.0_161.jdk/Contents/Home/jre/lib/rt.jar:/Library/Java/JavaVirtualMachines/jdk1.8.0_161.jdk/Contents/Home/jre/lib/sunrsasign.jar:/Library/Java/JavaVirtualMachines/jdk1.8.0_161.jdk/Contents/Home/jre/lib/jsse.jar:/Library/Java/JavaVirtualMachines/jdk1.8.0_161.jdk/Contents/Home/jre/lib/jce.jar:/Library/Java/JavaVirtualMachines/jdk1.8.0_161.jdk/Contents/Home/jre/lib/charsets.jar:/Library/Java/JavaVirtualMachines/jdk1.8.0_161.jdk/Contents/Home/jre/lib/jfr.jar:/Library/Java/JavaVirtualMachines/jdk1.8.0_161.jdk/Contents/Home/jre/classes"/>
    <property name="sun.management.compiler" value="HotSpot 64-Bit Tiered Compilers"/>
    <property name="ftp.nonProxyHosts" value="local|*.local|169.254/16|*.169.254/16"/>
    <property name="java.runtime.version" value="1.8.0_161-b12"/>
    <property name="user.name" value="nnuerdun"/>
    <property name="path.separator" value=":"/>
    <property name="os.version" value="10.13.6"/>
    <property name="java.endorsed.dirs" value="/Library/Java/JavaVirtualMachines/jdk1.8.0_161.jdk/Contents/Home/jre/lib/endorsed"/>
    <property name="java.runtime.name" value="Java(TM) SE Runtime Environment"/>
    <property name="file.encoding" value="UTF-8"/>
    <property name="java.vm.name" value="Java HotSpot(TM) 64-Bit Server VM"/>
    <property name="localRepository" value="/Users/nnuerdun/.m2/repository"/>
    <property name="java.vendor.url.bug" value="http://bugreport.sun.com/bugreport/"/>
    <property name="java.io.tmpdir" value="/var/folders/h1/1f7c639x5hq7n4jb39l7pwx40000gn/T/"/>
    <property name="java.version" value="1.8.0_161"/>
    <property name="user.dir" value="/Users/nnuerdun/eclipse-workspace/labSecond"/>
    <property name="os.arch" value="x86_64"/>
    <property name="java.vm.specification.name" value="Java Virtual Machine Specification"/>
    <property name="java.awt.printerjob" value="sun.lwawt.macosx.CPrinterJob"/>
    <property name="sun.os.patch.level" value="unknown"/>
    <property name="java.library.path" value="/Users/nnuerdun/Library/Java/Extensions:/Library/Java/Extensions:/Network/Library/Java/Extensions:/System/Library/Java/Extensions:/usr/lib/java:."/>
    <property name="java.vm.info" value="mixed mode"/>
    <property name="java.vendor" value="Oracle Corporation"/>
    <property name="java.vm.version" value="25.161-b12"/>
    <property name="java.ext.dirs" value="/Users/nnuerdun/Library/Java/Extensions:/Library/Java/JavaVirtualMachines/jdk1.8.0_161.jdk/Contents/Home/jre/lib/ext:/Library/Java/Extensions:/Network/Library/Java/Extensions:/System/Library/Java/Extensions:/usr/lib/java"/>
    <property name="sun.io.unicode.encoding" value="UnicodeBig"/>
    <property name="java.class.version" value="52.0"/>
    <property name="socksNonProxyHosts" value="local|*.local|169.254/16|*.169.254/16"/>
  </properties>
  <testcase name="getTextFromElement" classname="lab.Main" time="0.001"/>
  <testcase name="checkBoxWithJavascriptExecutor" classname="lab.Main" time="3.232"/>
  <testcase name="radioButton" classname="lab.Main" time="0.082">
    <failure message="no such element: Unable to locate element: {&quot;method&quot;:&quot;css selector&quot;,&quot;selector&quot;:&quot;[name=&apos;LH_GD&apos;]:nth-child(4) input&quot;}&#10;  (Session info: chrome=69.0.3497.92)&#10;  (Driver info: chromedriver=2.41.578706 (5f725d1b4f0a4acbf5259df887244095596231db),platform=Mac OS X 10.13.6 x86_64) (WARNING: The server did not provide any stacktrace information)&#10;Command duration or timeout: 0 milliseconds&#10;For documentation on this error, please visit: http://seleniumhq.org/exceptions/no_such_element.html&#10;Build info: version: &apos;3.12.0&apos;, revision: &apos;7c6e0b3&apos;, time: &apos;2018-05-08T14:04:26.12Z&apos;&#10;System info: host: &apos;Ns-MacBook-Pro.local&apos;, ip: &apos;fe80:0:0:0:4a3:63d0:1236:b864%en0&apos;, os.name: &apos;Mac OS X&apos;, os.arch: &apos;x86_64&apos;, os.version: &apos;10.13.6&apos;, java.version: &apos;1.8.0_161&apos;&#10;Driver info: org.openqa.selenium.chrome.ChromeDriver&#10;Capabilities {acceptInsecureCerts: false, acceptSslCerts: false, applicationCacheEnabled: false, browserConnectionEnabled: false, browserName: chrome, chrome: {chromedriverVersion: 2.41.578706 (5f725d1b4f0a4a..., userDataDir: /var/folders/h1/1f7c639x5hq...}, cssSelectorsEnabled: true, databaseEnabled: false, goog:chromeOptions: {debuggerAddress: localhost:60606}, handlesAlerts: true, hasTouchScreen: false, javascriptEnabled: true, locationContextEnabled: true, mobileEmulationEnabled: false, nativeEvents: true, networkConnectionEnabled: false, pageLoadStrategy: normal, platform: MAC, platformName: MAC, rotatable: false, setWindowRect: true, takesHeapSnapshot: true, takesScreenshot: true, unexpectedAlertBehaviour: , unhandledPromptBehavior: , version: 69.0.3497.92, webStorageEnabled: true}&#10;Session ID: 2663ac1a359c4755265a4fe6273d8fd2&#10;*** Element info: {Using=css selector, value=[name=&apos;LH_GD&apos;]:nth-child(4) input}" type="org.openqa.selenium.NoSuchElementException">org.openqa.selenium.NoSuchElementException: 
no such element: Unable to locate element: {"method":"css selector","selector":"[name='LH_GD']:nth-child(4) input"}
  (Session info: chrome=69.0.3497.92)
  (Driver info: chromedriver=2.41.578706 (5f725d1b4f0a4acbf5259df887244095596231db),platform=Mac OS X 10.13.6 x86_64) (WARNING: The server did not provide any stacktrace information)
Command duration or timeout: 0 milliseconds
For documentation on this error, please visit: http://seleniumhq.org/exceptions/no_such_element.html
Build info: version: '3.12.0', revision: '7c6e0b3', time: '2018-05-08T14:04:26.12Z'
System info: host: 'Ns-MacBook-Pro.local', ip: 'fe80:0:0:0:4a3:63d0:1236:b864%en0', os.name: 'Mac OS X', os.arch: 'x86_64', os.version: '10.13.6', java.version: '1.8.0_161'
Driver info: org.openqa.selenium.chrome.ChromeDriver
Capabilities {acceptInsecureCerts: false, acceptSslCerts: false, applicationCacheEnabled: false, browserConnectionEnabled: false, browserName: chrome, chrome: {chromedriverVersion: 2.41.578706 (5f725d1b4f0a4a..., userDataDir: /var/folders/h1/1f7c639x5hq...}, cssSelectorsEnabled: true, databaseEnabled: false, goog:chromeOptions: {debuggerAddress: localhost:60606}, handlesAlerts: true, hasTouchScreen: false, javascriptEnabled: true, locationContextEnabled: true, mobileEmulationEnabled: false, nativeEvents: true, networkConnectionEnabled: false, pageLoadStrategy: normal, platform: MAC, platformName: MAC, rotatable: false, setWindowRect: true, takesHeapSnapshot: true, takesScreenshot: true, unexpectedAlertBehaviour: , unhandledPromptBehavior: , version: 69.0.3497.92, webStorageEnabled: true}
Session ID: 2663ac1a359c4755265a4fe6273d8fd2
*** Element info: {Using=css selector, value=[name='LH_GD']:nth-child(4) input}
	at lab.Main.radioButton(Main.java:48)
</failure>
  </testcase>
</testsuite>