<?xml version="1.0" encoding="UTF-8"?>
<!-- Generated by org.testng.reporters.JUnitReportReporter -->
<testsuite skipped="0" hostname="Ns-MacBook-Pro.local" name="lab.Main" tests="3" failures="0" timestamp="12 Sep 2018 20:32:09 GMT" time="6.398" errors="0">
  <testcase name="getTextFromElement" time="0.006" classname="lab.Main"/>
  <testcase name="checkBoxWithJavascriptExecutor" time="3.483" classname="lab.Main"/>
  <testcase name="radioButton" time="2.909" classname="lab.Main"/>
</testsuite> <!-- lab.Main -->
