<?xml version="1.0" encoding="UTF-8"?>
<!-- Generated by org.testng.reporters.JUnitReportReporter -->
<testsuite skipped="0" hostname="Ns-MacBook-Pro.local" name="lab.Main" tests="3" failures="0" timestamp="12 Sep 2018 17:38:20 GMT" time="6.593" errors="0">
  <testcase name="getTextFromElement" time="0.005" classname="lab.Main"/>
  <testcase name="checkBoxWithJavascriptExecutor" time="3.692" classname="lab.Main"/>
  <testcase name="radioButton" time="2.896" classname="lab.Main"/>
</testsuite> <!-- lab.Main -->
