<?xml version="1.0" encoding="UTF-8"?>
<!-- Generated by org.testng.reporters.JUnitReportReporter -->
<testsuite skipped="0" hostname="Ns-MacBook-Pro.local" name="lab.Main" tests="3" failures="0" timestamp="12 Sep 2018 20:43:23 GMT" time="5.241" errors="0">
  <testcase name="getTextFromElement" time="0.009" classname="lab.Main"/>
  <testcase name="checkBoxWithJavascriptExecutor" time="3.447" classname="lab.Main"/>
  <testcase name="radioButton" time="1.785" classname="lab.Main"/>
</testsuite> <!-- lab.Main -->
