<?xml version="1.0" encoding="UTF-8"?>
<!-- Generated by org.testng.reporters.JUnitReportReporter -->
<testsuite skipped="0" hostname="Ns-MacBook-Pro.local" name="lab.Main" tests="3" failures="0" timestamp="13 Sep 2018 02:40:05 GMT" time="5.343" errors="0">
  <testcase name="getTextFromElement" time="0.001" classname="lab.Main"/>
  <testcase name="checkBoxWithJavascriptExecutor" time="3.525" classname="lab.Main"/>
  <testcase name="radioButton" time="1.817" classname="lab.Main"/>
</testsuite> <!-- lab.Main -->
