<?xml version="1.0" encoding="UTF-8"?>
<!-- Generated by org.testng.reporters.JUnitReportReporter -->
<testsuite skipped="0" hostname="Ns-MacBook-Pro.local" name="lab.Main" tests="3" failures="0" timestamp="12 Sep 2018 18:38:02 GMT" time="6.806" errors="0">
  <testcase name="getTextFromElement" time="0.000" classname="lab.Main"/>
  <testcase name="checkBoxWithJavascriptExecutor" time="5.006" classname="lab.Main"/>
  <testcase name="radioButton" time="1.800" classname="lab.Main"/>
</testsuite> <!-- lab.Main -->
